Determining if the pthread_create exist failed with the following output:
Change Dir: /home/rajendra/rqtGUI_ws/build/CMakeFiles/CMakeTmp

Run Build Command:"/usr/bin/make" "cmTC_4049c/fast"
/usr/bin/make -f CMakeFiles/cmTC_4049c.dir/build.make CMakeFiles/cmTC_4049c.dir/build
make[1]: Entering directory '/home/rajendra/rqtGUI_ws/build/CMakeFiles/CMakeTmp'
Building C object CMakeFiles/cmTC_4049c.dir/CheckSymbolExists.c.o
/usr/bin/cc    -o CMakeFiles/cmTC_4049c.dir/CheckSymbolExists.c.o   -c /home/rajendra/rqtGUI_ws/build/CMakeFiles/CMakeTmp/CheckSymbolExists.c
Linking C executable cmTC_4049c
/usr/bin/cmake -E cmake_link_script CMakeFiles/cmTC_4049c.dir/link.txt --verbose=1
/usr/bin/cc      -rdynamic CMakeFiles/cmTC_4049c.dir/CheckSymbolExists.c.o  -o cmTC_4049c 
CMakeFiles/cmTC_4049c.dir/CheckSymbolExists.c.o: In function `main':
CheckSymbolExists.c:(.text+0x1b): undefined reference to `pthread_create'
collect2: error: ld returned 1 exit status
CMakeFiles/cmTC_4049c.dir/build.make:97: recipe for target 'cmTC_4049c' failed
make[1]: *** [cmTC_4049c] Error 1
make[1]: Leaving directory '/home/rajendra/rqtGUI_ws/build/CMakeFiles/CMakeTmp'
Makefile:126: recipe for target 'cmTC_4049c/fast' failed
make: *** [cmTC_4049c/fast] Error 2

File /home/rajendra/rqtGUI_ws/build/CMakeFiles/CMakeTmp/CheckSymbolExists.c:
/* */
#include <pthread.h>

int main(int argc, char** argv)
{
  (void)argv;
#ifndef pthread_create
  return ((int*)(&pthread_create))[argc];
#else
  (void)argc;
  return 0;
#endif
}

Determining if the function pthread_create exists in the pthreads failed with the following output:
Change Dir: /home/rajendra/rqtGUI_ws/build/CMakeFiles/CMakeTmp

Run Build Command:"/usr/bin/make" "cmTC_7e672/fast"
/usr/bin/make -f CMakeFiles/cmTC_7e672.dir/build.make CMakeFiles/cmTC_7e672.dir/build
make[1]: Entering directory '/home/rajendra/rqtGUI_ws/build/CMakeFiles/CMakeTmp'
Building C object CMakeFiles/cmTC_7e672.dir/CheckFunctionExists.c.o
/usr/bin/cc   -DCHECK_FUNCTION_EXISTS=pthread_create   -o CMakeFiles/cmTC_7e672.dir/CheckFunctionExists.c.o   -c /usr/share/cmake-3.10/Modules/CheckFunctionExists.c
Linking C executable cmTC_7e672
/usr/bin/cmake -E cmake_link_script CMakeFiles/cmTC_7e672.dir/link.txt --verbose=1
/usr/bin/cc  -DCHECK_FUNCTION_EXISTS=pthread_create    -rdynamic CMakeFiles/cmTC_7e672.dir/CheckFunctionExists.c.o  -o cmTC_7e672 -lpthreads 
/usr/bin/ld: cannot find -lpthreads
collect2: error: ld returned 1 exit status
CMakeFiles/cmTC_7e672.dir/build.make:97: recipe for target 'cmTC_7e672' failed
make[1]: *** [cmTC_7e672] Error 1
make[1]: Leaving directory '/home/rajendra/rqtGUI_ws/build/CMakeFiles/CMakeTmp'
Makefile:126: recipe for target 'cmTC_7e672/fast' failed
make: *** [cmTC_7e672/fast] Error 2


